<?xml version="1.0" encoding="UTF-8"?>
<Site BuildName="Win32-mingw32-make"
	BuildStamp="20220810-0034-Experimental"
	Name="LAPTOP-GGN6EOHH"
	Generator="ctest-3.23.0-rc2"
	CompilerName="C:/MinGW/bin/g++.exe"
	CompilerVersion="6.3.0"
	OSName="Windows"
	Hostname="LAPTOP-GGN6EOHH"
	OSRelease=" Personal"
	OSVersion=" (Build 19044)"
	OSPlatform="AMD64"
	Is64Bits="1"
	VendorString="AuthenticAMD"
	VendorID="Advanced Micro Devices"
	FamilyID="15"
	ModelID="0"
	ProcessorCacheSize="64"
	NumberOfLogicalCPU="16"
	NumberOfPhysicalCPU="8"
	TotalVirtualMemory="33142"
	TotalPhysicalMemory="15734"
	LogicalProcessorsPerPhysical="2"
	ProcessorClockFrequency="3293"
	>
	<Testing>
		<StartDateTime>Aug 09 20:34 Eastern Daylight Time</StartDateTime>
		<StartTestTime>1660091697</StartTestTime>
		<TestList/>
		<EndDateTime>Aug 09 20:34 Eastern Daylight Time</EndDateTime>
		<EndTestTime>1660091697</EndTestTime>
		<ElapsedMinutes>0</ElapsedMinutes>
	</Testing>
</Site>
